  Game.cpp
C:\Users\benar\source\repos\2048-2\2048-2\Case.h(2,1): error C2011: 'Case' : redéfinition du type 'class'
C:\Users\benar\source\repos\2048-2\2048-2\Case.h(1,7): message : voir la déclaration de 'Case'
C:\Users\benar\source\repos\2048-2\2048-2\Grid.h(7,1): error C2011: 'Grid' : redéfinition du type 'class'
C:\Users\benar\source\repos\2048-2\2048-2\Grid.h(6,7): message : voir la déclaration de 'Grid'
C:\Users\benar\source\repos\2048-2\2048-2\Game.cpp(9,1): error C2027: utilisation du type non défini 'Grid'
C:\Users\benar\source\repos\2048-2\2048-2\Grid.h(6,7): message : voir la déclaration de 'Grid'
C:\Users\benar\source\repos\2048-2\2048-2\Game.cpp(11,20): error C2027: utilisation du type non défini 'Grid'
C:\Users\benar\source\repos\2048-2\2048-2\Grid.h(6,7): message : voir la déclaration de 'Grid'
C:\Users\benar\source\repos\2048-2\2048-2\Game.cpp(22,24): error C2027: utilisation du type non défini 'Grid'
C:\Users\benar\source\repos\2048-2\2048-2\Grid.h(6,7): message : voir la déclaration de 'Grid'
C:\Users\benar\source\repos\2048-2\2048-2\Game.cpp(24,24): error C2027: utilisation du type non défini 'Grid'
C:\Users\benar\source\repos\2048-2\2048-2\Grid.h(6,7): message : voir la déclaration de 'Grid'
C:\Users\benar\source\repos\2048-2\2048-2\Game.cpp(33,20): error C2027: utilisation du type non défini 'Grid'
C:\Users\benar\source\repos\2048-2\2048-2\Grid.h(6,7): message : voir la déclaration de 'Grid'
C:\Users\benar\source\repos\2048-2\2048-2\Game.cpp(35,48): error C2027: utilisation du type non défini 'Grid'
C:\Users\benar\source\repos\2048-2\2048-2\Grid.h(6,7): message : voir la déclaration de 'Grid'
C:\Users\benar\source\repos\2048-2\2048-2\Game.cpp(36,36): error C2027: utilisation du type non défini 'Grid'
C:\Users\benar\source\repos\2048-2\2048-2\Grid.h(6,7): message : voir la déclaration de 'Grid'
C:\Users\benar\source\repos\2048-2\2048-2\Game.cpp(36,78): error C2027: utilisation du type non défini 'Grid'
C:\Users\benar\source\repos\2048-2\2048-2\Grid.h(6,7): message : voir la déclaration de 'Grid'
C:\Users\benar\source\repos\2048-2\2048-2\Game.cpp(37,36): error C2027: utilisation du type non défini 'Grid'
C:\Users\benar\source\repos\2048-2\2048-2\Grid.h(6,7): message : voir la déclaration de 'Grid'
C:\Users\benar\source\repos\2048-2\2048-2\Game.cpp(38,24): error C2027: utilisation du type non défini 'Grid'
C:\Users\benar\source\repos\2048-2\2048-2\Grid.h(6,7): message : voir la déclaration de 'Grid'
C:\Users\benar\source\repos\2048-2\2048-2\Game.cpp(40,40): error C2027: utilisation du type non défini 'Grid'
C:\Users\benar\source\repos\2048-2\2048-2\Grid.h(6,7): message : voir la déclaration de 'Grid'
C:\Users\benar\source\repos\2048-2\2048-2\Game.cpp(41,40): error C2027: utilisation du type non défini 'Grid'
C:\Users\benar\source\repos\2048-2\2048-2\Grid.h(6,7): message : voir la déclaration de 'Grid'
C:\Users\benar\source\repos\2048-2\2048-2\Game.cpp(61,12): error C2027: utilisation du type non défini 'Grid'
C:\Users\benar\source\repos\2048-2\2048-2\Grid.h(6,7): message : voir la déclaration de 'Grid'
  Grid.cpp
C:\Users\benar\source\repos\2048-2\2048-2\Grid.cpp(107,28): warning C4267: 'initialisation' : conversion de 'size_t' en 'int', perte possible de données
  Génération de code en cours...
C:\Users\benar\source\repos\2048-2\2048-2\Grid.cpp(21): error C4700: variable locale 'array' non initialisée utilisée
